<?xml version="1.0" encoding="UTF-8"?>
<!-- Generated by org.testng.reporters.JUnitXMLReporter -->
<testsuite hostname="DESKTOP-A15AP0F" ignored="0" name="Default test" tests="4" failures="0" timestamp="2021-07-24T16:03:59 IST" time="3.953" errors="0">
  <testcase name="@BeforeMethod setUp" time="3.473" classname="com.testLayer.TC_001_LoginPage">
    <failure type="org.openqa.selenium.SessionNotCreatedException" message="session not created: This version of ChromeDriver only supports Chrome version 90
Current browser version is 92.0.4515.107 with binary path C:\Program Files (x86)\Google\Chrome\Application\chrome.exe
Build info: version: &amp;apos;3.141.59&amp;apos;, revision: &amp;apos;e82be7d358&amp;apos;, time: &amp;apos;2018-11-14T08:17:03&amp;apos;
System info: host: &amp;apos;DESKTOP-A15AP0F&amp;apos;, ip: &amp;apos;192.168.43.65&amp;apos;, os.name: &amp;apos;Windows 10&amp;apos;, os.arch: &amp;apos;amd64&amp;apos;, os.version: &amp;apos;10.0&amp;apos;, java.version: &amp;apos;1.8.0_202&amp;apos;
Driver info: driver.version: ChromeDriver
remote stacktrace: Backtrace:
	Ordinal0 [0x00CFC013+2474003]
	Ordinal0 [0x00C929C1+2042305]
	Ordinal0 [0x00BA2F68+1060712]
	Ordinal0 [0x00BC188E+1185934]
	Ordinal0 [0x00BBD600+1168896]
	Ordinal0 [0x00BBAA83+1157763]
	Ordinal0 [0x00BEA2A2+1352354]
	Ordinal0 [0x00BE8FAA+1347498]
	Ordinal0 [0x00BE66DB+1337051]
	Ordinal0 [0x00BC3427+1192999]
	Ordinal0 [0x00BC42EE+1196782]
	Ordinal0 [0x00BC4279+1196665]
	GetHandleVerifier [0x00E896FC+1590332]
	GetHandleVerifier [0x00F38614+2306900]
	GetHandleVerifier [0x00D89E93+543699]
	GetHandleVerifier [0x00D892CE+540686]
	Ordinal0 [0x00C986BA+2066106]
	Ordinal0 [0x00C9D1C8+2085320]
	Ordinal0 [0x00C9D308+2085640]
	Ordinal0 [0x00CA67F3+2123763]
	BaseThreadInitThunk [0x7709FA29+25]
	RtlGetAppContainerNamedObjectPath [0x77327A7E+286]
	RtlGetAppContainerNamedObjectPath [0x77327A4E+238]
">
      <![CDATA[org.openqa.selenium.SessionNotCreatedException: session not created: This version of ChromeDriver only supports Chrome version 90
Current browser version is 92.0.4515.107 with binary path C:\Program Files (x86)\Google\Chrome\Application\chrome.exe
Build info: version: '3.141.59', revision: 'e82be7d358', time: '2018-11-14T08:17:03'
System info: host: 'DESKTOP-A15AP0F', ip: '192.168.43.65', os.name: 'Windows 10', os.arch: 'amd64', os.version: '10.0', java.version: '1.8.0_202'
Driver info: driver.version: ChromeDriver
remote stacktrace: Backtrace:
Ordinal0 [0x00CFC013+2474003]
Ordinal0 [0x00C929C1+2042305]
Ordinal0 [0x00BA2F68+1060712]
Ordinal0 [0x00BC188E+1185934]
Ordinal0 [0x00BBD600+1168896]
Ordinal0 [0x00BBAA83+1157763]
Ordinal0 [0x00BEA2A2+1352354]
Ordinal0 [0x00BE8FAA+1347498]
Ordinal0 [0x00BE66DB+1337051]
Ordinal0 [0x00BC3427+1192999]
Ordinal0 [0x00BC42EE+1196782]
Ordinal0 [0x00BC4279+1196665]
GetHandleVerifier [0x00E896FC+1590332]
GetHandleVerifier [0x00F38614+2306900]
GetHandleVerifier [0x00D89E93+543699]
GetHandleVerifier [0x00D892CE+540686]
Ordinal0 [0x00C986BA+2066106]
Ordinal0 [0x00C9D1C8+2085320]
Ordinal0 [0x00C9D308+2085640]
Ordinal0 [0x00CA67F3+2123763]
BaseThreadInitThunk [0x7709FA29+25]
RtlGetAppContainerNamedObjectPath [0x77327A7E+286]
RtlGetAppContainerNamedObjectPath [0x77327A4E+238]

at sun.reflect.NativeConstructorAccessorImpl.newInstance0(Native Method)
at sun.reflect.NativeConstructorAccessorImpl.newInstance(NativeConstructorAccessorImpl.java:62)
at sun.reflect.DelegatingConstructorAccessorImpl.newInstance(DelegatingConstructorAccessorImpl.java:45)
at java.lang.reflect.Constructor.newInstance(Constructor.java:423)
at org.openqa.selenium.remote.W3CHandshakeResponse.lambda$errorHandler$0(W3CHandshakeResponse.java:62)
at org.openqa.selenium.remote.HandshakeResponse.lambda$getResponseFunction$0(HandshakeResponse.java:30)
at org.openqa.selenium.remote.ProtocolHandshake.lambda$createSession$0(ProtocolHandshake.java:126)
at java.util.stream.ReferencePipeline$3$1.accept(ReferencePipeline.java:193)
at java.util.Spliterators$ArraySpliterator.tryAdvance(Spliterators.java:958)
at java.util.stream.ReferencePipeline.forEachWithCancel(ReferencePipeline.java:126)
at java.util.stream.AbstractPipeline.copyIntoWithCancel(AbstractPipeline.java:498)
at java.util.stream.AbstractPipeline.copyInto(AbstractPipeline.java:485)
at java.util.stream.AbstractPipeline.wrapAndCopyInto(AbstractPipeline.java:471)
at java.util.stream.FindOps$FindOp.evaluateSequential(FindOps.java:152)
at java.util.stream.AbstractPipeline.evaluate(AbstractPipeline.java:234)
at java.util.stream.ReferencePipeline.findFirst(ReferencePipeline.java:464)
at org.openqa.selenium.remote.ProtocolHandshake.createSession(ProtocolHandshake.java:128)
at org.openqa.selenium.remote.ProtocolHandshake.createSession(ProtocolHandshake.java:74)
at org.openqa.selenium.remote.HttpCommandExecutor.execute(HttpCommandExecutor.java:136)
at org.openqa.selenium.remote.service.DriverCommandExecutor.execute(DriverCommandExecutor.java:83)
at org.openqa.selenium.remote.RemoteWebDriver.execute(RemoteWebDriver.java:552)
at org.openqa.selenium.remote.RemoteWebDriver.startSession(RemoteWebDriver.java:213)
at org.openqa.selenium.remote.RemoteWebDriver.<init>(RemoteWebDriver.java:131)
at org.openqa.selenium.chrome.ChromeDriver.<init>(ChromeDriver.java:181)
at org.openqa.selenium.chrome.ChromeDriver.<init>(ChromeDriver.java:168)
at org.openqa.selenium.chrome.ChromeDriver.<init>(ChromeDriver.java:123)
at com.baseLayer.BaseTestClass.initializeBrowser(BaseTestClass.java:46)
at com.testLayer.TC_001_LoginPage.setUp(TC_001_LoginPage.java:23)
at sun.reflect.NativeMethodAccessorImpl.invoke0(Native Method)
at sun.reflect.NativeMethodAccessorImpl.invoke(NativeMethodAccessorImpl.java:62)
at sun.reflect.DelegatingMethodAccessorImpl.invoke(DelegatingMethodAccessorImpl.java:43)
at java.lang.reflect.Method.invoke(Method.java:498)
at org.testng.internal.MethodInvocationHelper.invokeMethod(MethodInvocationHelper.java:132)
at org.testng.internal.MethodInvocationHelper.invokeMethodConsideringTimeout(MethodInvocationHelper.java:61)
at org.testng.internal.ConfigInvoker.invokeConfigurationMethod(ConfigInvoker.java:366)
at org.testng.internal.ConfigInvoker.invokeConfigurations(ConfigInvoker.java:320)
at org.testng.internal.TestInvoker.runConfigMethods(TestInvoker.java:701)
at org.testng.internal.TestInvoker.invokeMethod(TestInvoker.java:527)
at org.testng.internal.TestInvoker.invokeTestMethod(TestInvoker.java:174)
at org.testng.internal.MethodRunner.runInSequence(MethodRunner.java:46)
at org.testng.internal.TestInvoker$MethodInvocationAgent.invoke(TestInvoker.java:822)
at org.testng.internal.TestInvoker.invokeTestMethods(TestInvoker.java:147)
at org.testng.internal.TestMethodWorker.invokeTestMethods(TestMethodWorker.java:146)
at org.testng.internal.TestMethodWorker.run(TestMethodWorker.java:128)
at java.util.ArrayList.forEach(ArrayList.java:1257)
at org.testng.TestRunner.privateRun(TestRunner.java:764)
at org.testng.TestRunner.run(TestRunner.java:585)
at org.testng.SuiteRunner.runTest(SuiteRunner.java:384)
at org.testng.SuiteRunner.runSequentially(SuiteRunner.java:378)
at org.testng.SuiteRunner.privateRun(SuiteRunner.java:337)
at org.testng.SuiteRunner.run(SuiteRunner.java:286)
at org.testng.SuiteRunnerWorker.runSuite(SuiteRunnerWorker.java:53)
at org.testng.SuiteRunnerWorker.run(SuiteRunnerWorker.java:96)
at org.testng.TestNG.runSuitesSequentially(TestNG.java:1218)
at org.testng.TestNG.runSuitesLocally(TestNG.java:1140)
at org.testng.TestNG.runSuites(TestNG.java:1069)
at org.testng.TestNG.run(TestNG.java:1037)
at org.testng.remote.AbstractRemoteTestNG.run(AbstractRemoteTestNG.java:115)
at org.testng.remote.RemoteTestNG.initAndRun(RemoteTestNG.java:251)
at org.testng.remote.RemoteTestNG.main(RemoteTestNG.java:77)
]]>
    </failure>
  </testcase> <!-- @BeforeMethod setUp -->
  <testcase name="@AfterMethod tearDown" time="-1.627122839205E9" classname="com.testLayer.TC_001_LoginPage">
    <skipped/>
  </testcase> <!-- @AfterMethod tearDown -->
  <testcase name="@BeforeMethod setUp" time="-1.627122839213E9" classname="com.testLayer.TC_001_LoginPage">
    <skipped/>
  </testcase> <!-- @BeforeMethod setUp -->
  <testcase name="@AfterMethod tearDown" time="-1.627122839229E9" classname="com.testLayer.TC_001_LoginPage">
    <skipped/>
  </testcase> <!-- @AfterMethod tearDown -->
  <testcase name="@BeforeMethod setUp" time="-1.627122839237E9" classname="com.testLayer.TC_001_LoginPage">
    <skipped/>
  </testcase> <!-- @BeforeMethod setUp -->
  <testcase name="@AfterMethod tearDown" time="-1.627122839261E9" classname="com.testLayer.TC_001_LoginPage">
    <skipped/>
  </testcase> <!-- @AfterMethod tearDown -->
  <testcase name="@BeforeMethod setUp" time="-1.627122839269E9" classname="com.testLayer.TC_001_LoginPage">
    <skipped/>
  </testcase> <!-- @BeforeMethod setUp -->
  <testcase name="@AfterMethod tearDown" time="-1.627122839293E9" classname="com.testLayer.TC_001_LoginPage">
    <skipped/>
  </testcase> <!-- @AfterMethod tearDown -->
  <testcase name="validateTitleOfpage" time="0.0" classname="com.testLayer.TC_001_LoginPage">
    <skipped/>
  </testcase> <!-- validateTitleOfpage -->
  <testcase name="validateLogo" time="0.0" classname="com.testLayer.TC_001_LoginPage">
    <skipped/>
  </testcase> <!-- validateLogo -->
  <testcase name="loginToApplication" time="0.0" classname="com.testLayer.TC_001_LoginPage">
    <skipped/>
  </testcase> <!-- loginToApplication -->
  <testcase name="validateTitleOfDashBoardPage" time="0.0" classname="com.testLayer.TC_001_LoginPage">
    <skipped/>
  </testcase> <!-- validateTitleOfDashBoardPage -->
</testsuite> <!-- Default test -->
